This file contains any messages produced by compilers while
running configure, to aid debugging if configure makes a mistake.

It was created by configure, which was
generated by GNU Autoconf 2.65.  Invocation command line was

  $ ../configure --with-gsl=/usr/local/ --with-fftw=/usr/local/ --disable-shared --prefix=/usr/local/

## --------- ##
## Platform. ##
## --------- ##

hostname = jgarate-System-Product-Name
uname -m = x86_64
uname -r = 4.4.0-36-generic
uname -s = Linux
uname -v = #55~14.04.1-Ubuntu SMP Fri Aug 12 11:49:30 UTC 2016

/usr/bin/uname -p = unknown
/bin/uname -X     = unknown

/bin/arch              = unknown
/usr/bin/arch -k       = unknown
/usr/convex/getsysinfo = unknown
/usr/bin/hostinfo      = unknown
/bin/machine           = unknown
/usr/bin/oslevel       = unknown
/bin/universe          = unknown

PATH: /usr/local/bin/flex_sdk_4.6/bin
PATH: /usr/local/bin/flex_sdk_4.6/bin
PATH: /usr/local/sbin
PATH: /usr/local/bin
PATH: /usr/sbin
PATH: /usr/bin
PATH: /sbin
PATH: /bin
PATH: /usr/games
PATH: /usr/local/games
PATH: /usr/local/pteros/bin
PATH: /usr/local/bin/GROMOS++/bin
PATH: /home/fett/software/GROMOS_SVN/GROMOS++/gromos++-1.2.0_JAG/x_86/contrib
PATH: /usr/local/bin/NAMD_2.11_Linux-x86_64-multicore
PATH: /usr/local/pteros/bin
PATH: /usr/local/bin/GROMOS++/bin
PATH: /home/fett/software/GROMOS_SVN/GROMOS++/gromos++-1.2.0_JAG/x_86/contrib
PATH: /usr/local/bin/NAMD_2.11_Linux-x86_64-multicore


## ----------- ##
## Core tests. ##
## ----------- ##

configure:2674: checking build system type
configure:2688: result: x86_64-unknown-linux-gnu
configure:2708: checking host system type
configure:2721: result: x86_64-unknown-linux-gnu
configure:2741: checking target system type
configure:2754: result: x86_64-unknown-linux-gnu
configure:2781: result: Configure MD++ for x86_64-unknown-linux-gnu
configure:2833: checking for a BSD-compatible install
configure:2901: result: /usr/bin/install -c
configure:2912: checking whether build environment is sane
configure:2962: result: yes
configure:3103: checking for a thread-safe mkdir -p
configure:3142: result: /bin/mkdir -p
configure:3155: checking for gawk
configure:3171: found /usr/bin/gawk
configure:3182: result: gawk
configure:3193: checking whether make sets $(MAKE)
configure:3215: result: yes
configure:3448: checking for g++
configure:3464: found /usr/bin/g++
configure:3475: result: g++
configure:3502: checking for C++ compiler version
configure:3511: g++ --version >&5
g++ (Ubuntu 4.8.4-2ubuntu1~14.04.3) 4.8.4
Copyright (C) 2013 Free Software Foundation, Inc.
This is free software; see the source for copying conditions.  There is NO
warranty; not even for MERCHANTABILITY or FITNESS FOR A PARTICULAR PURPOSE.

configure:3522: $? = 0
configure:3511: g++ -v >&5
Using built-in specs.
COLLECT_GCC=g++
COLLECT_LTO_WRAPPER=/usr/lib/gcc/x86_64-linux-gnu/4.8/lto-wrapper
Target: x86_64-linux-gnu
Configured with: ../src/configure -v --with-pkgversion='Ubuntu 4.8.4-2ubuntu1~14.04.3' --with-bugurl=file:///usr/share/doc/gcc-4.8/README.Bugs --enable-languages=c,c++,java,go,d,fortran,objc,obj-c++ --prefix=/usr --program-suffix=-4.8 --enable-shared --enable-linker-build-id --libexecdir=/usr/lib --without-included-gettext --enable-threads=posix --with-gxx-include-dir=/usr/include/c++/4.8 --libdir=/usr/lib --enable-nls --with-sysroot=/ --enable-clocale=gnu --enable-libstdcxx-debug --enable-libstdcxx-time=yes --enable-gnu-unique-object --disable-libmudflap --enable-plugin --with-system-zlib --disable-browser-plugin --enable-java-awt=gtk --enable-gtk-cairo --with-java-home=/usr/lib/jvm/java-1.5.0-gcj-4.8-amd64/jre --enable-java-home --with-jvm-root-dir=/usr/lib/jvm/java-1.5.0-gcj-4.8-amd64 --with-jvm-jar-dir=/usr/lib/jvm-exports/java-1.5.0-gcj-4.8-amd64 --with-arch-directory=amd64 --with-ecj-jar=/usr/share/java/eclipse-ecj.jar --enable-objc-gc --enable-multiarch --disable-werror --with-arch-32=i686 --with-abi=m64 --with-multilib-list=m32,m64,mx32 --with-tune=generic --enable-checking=release --build=x86_64-linux-gnu --host=x86_64-linux-gnu --target=x86_64-linux-gnu
Thread model: posix
gcc version 4.8.4 (Ubuntu 4.8.4-2ubuntu1~14.04.3) 
configure:3522: $? = 0
configure:3511: g++ -V >&5
g++: error: unrecognized command line option '-V'
g++: fatal error: no input files
compilation terminated.
configure:3522: $? = 4
configure:3511: g++ -qversion >&5
g++: error: unrecognized command line option '-qversion'
g++: fatal error: no input files
compilation terminated.
configure:3522: $? = 4
configure:3542: checking whether the C++ compiler works
configure:3564: g++    conftest.cpp  >&5
configure:3568: $? = 0
configure:3617: result: yes
configure:3620: checking for C++ compiler default output file name
configure:3622: result: a.out
configure:3628: checking for suffix of executables
configure:3635: g++ -o conftest    conftest.cpp  >&5
configure:3639: $? = 0
configure:3661: result: 
configure:3683: checking whether we are cross compiling
configure:3691: g++ -o conftest    conftest.cpp  >&5
configure:3695: $? = 0
configure:3702: ./conftest
configure:3706: $? = 0
configure:3721: result: no
configure:3726: checking for suffix of object files
configure:3748: g++ -c   conftest.cpp >&5
configure:3752: $? = 0
configure:3773: result: o
configure:3777: checking whether we are using the GNU C++ compiler
configure:3796: g++ -c   conftest.cpp >&5
configure:3796: $? = 0
configure:3805: result: yes
configure:3814: checking whether g++ accepts -g
configure:3834: g++ -c -g  conftest.cpp >&5
configure:3834: $? = 0
configure:3875: result: yes
configure:3909: checking for style of include used by make
configure:3937: result: GNU
configure:3962: checking dependency style of g++
configure:4072: result: gcc3
configure:4160: checking for gcc
configure:4176: found /usr/bin/gcc
configure:4187: result: gcc
configure:4416: checking for C compiler version
configure:4425: gcc --version >&5
gcc (Ubuntu 4.8.4-2ubuntu1~14.04.3) 4.8.4
Copyright (C) 2013 Free Software Foundation, Inc.
This is free software; see the source for copying conditions.  There is NO
warranty; not even for MERCHANTABILITY or FITNESS FOR A PARTICULAR PURPOSE.

configure:4436: $? = 0
configure:4425: gcc -v >&5
Using built-in specs.
COLLECT_GCC=gcc
COLLECT_LTO_WRAPPER=/usr/lib/gcc/x86_64-linux-gnu/4.8/lto-wrapper
Target: x86_64-linux-gnu
Configured with: ../src/configure -v --with-pkgversion='Ubuntu 4.8.4-2ubuntu1~14.04.3' --with-bugurl=file:///usr/share/doc/gcc-4.8/README.Bugs --enable-languages=c,c++,java,go,d,fortran,objc,obj-c++ --prefix=/usr --program-suffix=-4.8 --enable-shared --enable-linker-build-id --libexecdir=/usr/lib --without-included-gettext --enable-threads=posix --with-gxx-include-dir=/usr/include/c++/4.8 --libdir=/usr/lib --enable-nls --with-sysroot=/ --enable-clocale=gnu --enable-libstdcxx-debug --enable-libstdcxx-time=yes --enable-gnu-unique-object --disable-libmudflap --enable-plugin --with-system-zlib --disable-browser-plugin --enable-java-awt=gtk --enable-gtk-cairo --with-java-home=/usr/lib/jvm/java-1.5.0-gcj-4.8-amd64/jre --enable-java-home --with-jvm-root-dir=/usr/lib/jvm/java-1.5.0-gcj-4.8-amd64 --with-jvm-jar-dir=/usr/lib/jvm-exports/java-1.5.0-gcj-4.8-amd64 --with-arch-directory=amd64 --with-ecj-jar=/usr/share/java/eclipse-ecj.jar --enable-objc-gc --enable-multiarch --disable-werror --with-arch-32=i686 --with-abi=m64 --with-multilib-list=m32,m64,mx32 --with-tune=generic --enable-checking=release --build=x86_64-linux-gnu --host=x86_64-linux-gnu --target=x86_64-linux-gnu
Thread model: posix
gcc version 4.8.4 (Ubuntu 4.8.4-2ubuntu1~14.04.3) 
configure:4436: $? = 0
configure:4425: gcc -V >&5
gcc: error: unrecognized command line option '-V'
gcc: fatal error: no input files
compilation terminated.
configure:4436: $? = 4
configure:4425: gcc -qversion >&5
gcc: error: unrecognized command line option '-qversion'
gcc: fatal error: no input files
compilation terminated.
configure:4436: $? = 4
configure:4440: checking whether we are using the GNU C compiler
configure:4459: gcc -c   conftest.c >&5
configure:4459: $? = 0
configure:4468: result: yes
configure:4477: checking whether gcc accepts -g
configure:4497: gcc -c -g  conftest.c >&5
configure:4497: $? = 0
configure:4538: result: yes
configure:4555: checking for gcc option to accept ISO C89
configure:4619: gcc  -c -g -O2  conftest.c >&5
configure:4619: $? = 0
configure:4632: result: none needed
configure:4654: checking dependency style of gcc
configure:4764: result: gcc3
configure:4779: checking for a sed that does not truncate output
configure:4843: result: /bin/sed
configure:4861: checking for grep that handles long lines and -e
configure:4919: result: /bin/grep
configure:4924: checking for egrep
configure:4986: result: /bin/grep -E
configure:4991: checking for fgrep
configure:5053: result: /bin/grep -F
configure:5088: checking for ld used by gcc
configure:5155: result: /usr/bin/ld
configure:5162: checking if the linker (/usr/bin/ld) is GNU ld
configure:5177: result: yes
configure:5189: checking for BSD- or MS-compatible name lister (nm)
configure:5238: result: /usr/bin/nm -B
configure:5356: checking the name lister (/usr/bin/nm -B) interface
configure:5363: g++ -c -g -O2  conftest.cpp >&5
configure:5366: /usr/bin/nm -B "conftest.o"
configure:5369: output
0000000000000000 B some_variable
configure:5376: result: BSD nm
configure:5379: checking whether ln -s works
configure:5383: result: yes
configure:5391: checking the maximum length of command line arguments
configure:5511: result: 1572864
configure:5528: checking whether the shell understands some XSI constructs
configure:5538: result: yes
configure:5542: checking whether the shell understands "+="
configure:5548: result: yes
configure:5583: checking for /usr/bin/ld option to reload object files
configure:5590: result: -r
configure:5659: checking for objdump
configure:5675: found /usr/bin/objdump
configure:5686: result: objdump
configure:5718: checking how to recognize dependent libraries
configure:5914: result: pass_all
configure:5974: checking for ar
configure:5990: found /usr/bin/ar
configure:6001: result: ar
configure:6079: checking for strip
configure:6095: found /usr/bin/strip
configure:6106: result: strip
configure:6178: checking for ranlib
configure:6194: found /usr/bin/ranlib
configure:6205: result: ranlib
configure:6295: checking command to parse /usr/bin/nm -B output from gcc object
configure:6413: g++ -c -g -O2  conftest.cpp >&5
configure:6416: $? = 0
configure:6420: /usr/bin/nm -B conftest.o \| sed -n -e 's/^.*[	 ]\([ABCDGIRSTW][ABCDGIRSTW]*\)[	 ][	 ]*\([_A-Za-z][_A-Za-z0-9]*\)$/\1 \2 \2/p' \> conftest.nm
configure:6423: $? = 0
configure:6477: g++ -o conftest -g -O2   conftest.cpp conftstm.o >&5
configure:6480: $? = 0
configure:6518: result: ok
configure:6614: g++ -c -g -O2  conftest.cpp >&5
configure:6617: $? = 0
configure:7327: checking how to run the C preprocessor
configure:7358: gcc -E  conftest.c
configure:7358: $? = 0
configure:7372: gcc -E  conftest.c
conftest.c:11:28: fatal error: ac_nonexistent.h: No such file or directory
 #include <ac_nonexistent.h>
                            ^
compilation terminated.
configure:7372: $? = 1
configure: failed program was:
| /* confdefs.h */
| #define PACKAGE_NAME ""
| #define PACKAGE_TARNAME ""
| #define PACKAGE_VERSION ""
| #define PACKAGE_STRING ""
| #define PACKAGE_BUGREPORT ""
| #define PACKAGE_URL ""
| #define MD_VERSION "1.3.1"
| #define MD_DATE "Wed Sep  7 14:25:35 CLST 2016"
| /* end confdefs.h.  */
| #include <ac_nonexistent.h>
configure:7397: result: gcc -E
configure:7417: gcc -E  conftest.c
configure:7417: $? = 0
configure:7431: gcc -E  conftest.c
conftest.c:11:28: fatal error: ac_nonexistent.h: No such file or directory
 #include <ac_nonexistent.h>
                            ^
compilation terminated.
configure:7431: $? = 1
configure: failed program was:
| /* confdefs.h */
| #define PACKAGE_NAME ""
| #define PACKAGE_TARNAME ""
| #define PACKAGE_VERSION ""
| #define PACKAGE_STRING ""
| #define PACKAGE_BUGREPORT ""
| #define PACKAGE_URL ""
| #define MD_VERSION "1.3.1"
| #define MD_DATE "Wed Sep  7 14:25:35 CLST 2016"
| /* end confdefs.h.  */
| #include <ac_nonexistent.h>
configure:7460: checking for ANSI C header files
configure:7480: gcc -c -g -O2  conftest.c >&5
configure:7480: $? = 0
configure:7553: gcc -o conftest -g -O2   conftest.c  >&5
configure:7553: $? = 0
configure:7553: ./conftest
configure:7553: $? = 0
configure:7564: result: yes
configure:7577: checking for sys/types.h
configure:7577: gcc -c -g -O2  conftest.c >&5
configure:7577: $? = 0
configure:7577: result: yes
configure:7577: checking for sys/stat.h
configure:7577: gcc -c -g -O2  conftest.c >&5
configure:7577: $? = 0
configure:7577: result: yes
configure:7577: checking for stdlib.h
configure:7577: gcc -c -g -O2  conftest.c >&5
configure:7577: $? = 0
configure:7577: result: yes
configure:7577: checking for string.h
configure:7577: gcc -c -g -O2  conftest.c >&5
configure:7577: $? = 0
configure:7577: result: yes
configure:7577: checking for memory.h
configure:7577: gcc -c -g -O2  conftest.c >&5
configure:7577: $? = 0
configure:7577: result: yes
configure:7577: checking for strings.h
configure:7577: gcc -c -g -O2  conftest.c >&5
configure:7577: $? = 0
configure:7577: result: yes
configure:7577: checking for inttypes.h
configure:7577: gcc -c -g -O2  conftest.c >&5
configure:7577: $? = 0
configure:7577: result: yes
configure:7577: checking for stdint.h
configure:7577: gcc -c -g -O2  conftest.c >&5
configure:7577: $? = 0
configure:7577: result: yes
configure:7577: checking for unistd.h
configure:7577: gcc -c -g -O2  conftest.c >&5
configure:7577: $? = 0
configure:7577: result: yes
configure:7592: checking for dlfcn.h
configure:7592: gcc -c -g -O2  conftest.c >&5
configure:7592: $? = 0
configure:7592: result: yes
configure:7717: checking for C++ compiler version
configure:7726: g++ --version >&5
g++ (Ubuntu 4.8.4-2ubuntu1~14.04.3) 4.8.4
Copyright (C) 2013 Free Software Foundation, Inc.
This is free software; see the source for copying conditions.  There is NO
warranty; not even for MERCHANTABILITY or FITNESS FOR A PARTICULAR PURPOSE.

configure:7737: $? = 0
configure:7726: g++ -v >&5
Using built-in specs.
COLLECT_GCC=g++
COLLECT_LTO_WRAPPER=/usr/lib/gcc/x86_64-linux-gnu/4.8/lto-wrapper
Target: x86_64-linux-gnu
Configured with: ../src/configure -v --with-pkgversion='Ubuntu 4.8.4-2ubuntu1~14.04.3' --with-bugurl=file:///usr/share/doc/gcc-4.8/README.Bugs --enable-languages=c,c++,java,go,d,fortran,objc,obj-c++ --prefix=/usr --program-suffix=-4.8 --enable-shared --enable-linker-build-id --libexecdir=/usr/lib --without-included-gettext --enable-threads=posix --with-gxx-include-dir=/usr/include/c++/4.8 --libdir=/usr/lib --enable-nls --with-sysroot=/ --enable-clocale=gnu --enable-libstdcxx-debug --enable-libstdcxx-time=yes --enable-gnu-unique-object --disable-libmudflap --enable-plugin --with-system-zlib --disable-browser-plugin --enable-java-awt=gtk --enable-gtk-cairo --with-java-home=/usr/lib/jvm/java-1.5.0-gcj-4.8-amd64/jre --enable-java-home --with-jvm-root-dir=/usr/lib/jvm/java-1.5.0-gcj-4.8-amd64 --with-jvm-jar-dir=/usr/lib/jvm-exports/java-1.5.0-gcj-4.8-amd64 --with-arch-directory=amd64 --with-ecj-jar=/usr/share/java/eclipse-ecj.jar --enable-objc-gc --enable-multiarch --disable-werror --with-arch-32=i686 --with-abi=m64 --with-multilib-list=m32,m64,mx32 --with-tune=generic --enable-checking=release --build=x86_64-linux-gnu --host=x86_64-linux-gnu --target=x86_64-linux-gnu
Thread model: posix
gcc version 4.8.4 (Ubuntu 4.8.4-2ubuntu1~14.04.3) 
configure:7737: $? = 0
configure:7726: g++ -V >&5
g++: error: unrecognized command line option '-V'
g++: fatal error: no input files
compilation terminated.
configure:7737: $? = 4
configure:7726: g++ -qversion >&5
g++: error: unrecognized command line option '-qversion'
g++: fatal error: no input files
compilation terminated.
configure:7737: $? = 4
configure:7741: checking whether we are using the GNU C++ compiler
configure:7769: result: yes
configure:7778: checking whether g++ accepts -g
configure:7839: result: yes
configure:7864: checking dependency style of g++
configure:7974: result: gcc3
configure:7997: checking how to run the C++ preprocessor
configure:8024: g++ -E  conftest.cpp
configure:8024: $? = 0
configure:8038: g++ -E  conftest.cpp
conftest.cpp:22:28: fatal error: ac_nonexistent.h: No such file or directory
 #include <ac_nonexistent.h>
                            ^
compilation terminated.
configure:8038: $? = 1
configure: failed program was:
| /* confdefs.h */
| #define PACKAGE_NAME ""
| #define PACKAGE_TARNAME ""
| #define PACKAGE_VERSION ""
| #define PACKAGE_STRING ""
| #define PACKAGE_BUGREPORT ""
| #define PACKAGE_URL ""
| #define MD_VERSION "1.3.1"
| #define MD_DATE "Wed Sep  7 14:25:35 CLST 2016"
| #define STDC_HEADERS 1
| #define HAVE_SYS_TYPES_H 1
| #define HAVE_SYS_STAT_H 1
| #define HAVE_STDLIB_H 1
| #define HAVE_STRING_H 1
| #define HAVE_MEMORY_H 1
| #define HAVE_STRINGS_H 1
| #define HAVE_INTTYPES_H 1
| #define HAVE_STDINT_H 1
| #define HAVE_UNISTD_H 1
| #define HAVE_DLFCN_H 1
| /* end confdefs.h.  */
| #include <ac_nonexistent.h>
configure:8063: result: g++ -E
configure:8083: g++ -E  conftest.cpp
configure:8083: $? = 0
configure:8097: g++ -E  conftest.cpp
conftest.cpp:22:28: fatal error: ac_nonexistent.h: No such file or directory
 #include <ac_nonexistent.h>
                            ^
compilation terminated.
configure:8097: $? = 1
configure: failed program was:
| /* confdefs.h */
| #define PACKAGE_NAME ""
| #define PACKAGE_TARNAME ""
| #define PACKAGE_VERSION ""
| #define PACKAGE_STRING ""
| #define PACKAGE_BUGREPORT ""
| #define PACKAGE_URL ""
| #define MD_VERSION "1.3.1"
| #define MD_DATE "Wed Sep  7 14:25:35 CLST 2016"
| #define STDC_HEADERS 1
| #define HAVE_SYS_TYPES_H 1
| #define HAVE_SYS_STAT_H 1
| #define HAVE_STDLIB_H 1
| #define HAVE_STRING_H 1
| #define HAVE_MEMORY_H 1
| #define HAVE_STRINGS_H 1
| #define HAVE_INTTYPES_H 1
| #define HAVE_STDINT_H 1
| #define HAVE_UNISTD_H 1
| #define HAVE_DLFCN_H 1
| /* end confdefs.h.  */
| #include <ac_nonexistent.h>
configure:8303: checking for objdir
configure:8318: result: .libs
configure:8610: checking if gcc supports -fno-rtti -fno-exceptions
configure:8628: gcc -c -g -O2  -fno-rtti -fno-exceptions conftest.c >&5
cc1: warning: command line option '-fno-rtti' is valid for C++/ObjC++ but not for C [enabled by default]
configure:8632: $? = 0
configure:8645: result: no
configure:8665: checking for gcc option to produce PIC
configure:8937: result: -fPIC -DPIC
configure:8949: checking if gcc PIC flag -fPIC -DPIC works
configure:8967: gcc -c -g -O2  -fPIC -DPIC -DPIC conftest.c >&5
configure:8971: $? = 0
configure:8984: result: yes
configure:9008: checking if gcc static flag -static works
configure:9036: result: yes
configure:9051: checking if gcc supports -c -o file.o
configure:9072: gcc -c -g -O2  -o out/conftest2.o conftest.c >&5
configure:9076: $? = 0
configure:9098: result: yes
configure:9106: checking if gcc supports -c -o file.o
configure:9153: result: yes
configure:9186: checking whether the gcc linker (/usr/bin/ld -m elf_x86_64) supports shared libraries
configure:10177: result: yes
configure:10416: checking dynamic linker characteristics
configure:10849: gcc -o conftest -g -O2   -Wl,-rpath -Wl,/foo conftest.c  >&5
configure:10849: $? = 0
configure:11079: result: GNU/Linux ld.so
configure:11181: checking how to hardcode library paths into programs
configure:11206: result: immediate
configure:11726: checking whether stripping libraries is possible
configure:11731: result: yes
configure:11766: checking if libtool supports shared libraries
configure:11768: result: yes
configure:11771: checking whether to build shared libraries
configure:11792: result: no
configure:11795: checking whether to build static libraries
configure:11799: result: yes
configure:11949: checking for ld used by g++
configure:12016: result: /usr/bin/ld -m elf_x86_64
configure:12023: checking if the linker (/usr/bin/ld -m elf_x86_64) is GNU ld
configure:12038: result: yes
configure:12093: checking whether the g++ linker (/usr/bin/ld -m elf_x86_64) supports shared libraries
configure:13006: result: yes
configure:13034: g++ -c -g -O2  conftest.cpp >&5
configure:13037: $? = 0
configure:13219: checking for g++ option to produce PIC
configure:13536: result: -fPIC -DPIC
configure:13545: checking if g++ PIC flag -fPIC -DPIC works
configure:13563: g++ -c -g -O2  -fPIC -DPIC -DPIC conftest.cpp >&5
configure:13567: $? = 0
configure:13580: result: yes
configure:13601: checking if g++ static flag -static works
configure:13629: result: yes
configure:13641: checking if g++ supports -c -o file.o
configure:13662: g++ -c -g -O2  -o out/conftest2.o conftest.cpp >&5
configure:13666: $? = 0
configure:13688: result: yes
configure:13693: checking if g++ supports -c -o file.o
configure:13740: result: yes
configure:13770: checking whether the g++ linker (/usr/bin/ld -m elf_x86_64) supports shared libraries
configure:13799: result: yes
configure:13936: checking dynamic linker characteristics
configure:14317: g++ -o conftest -g -O2   -Wl,-rpath -Wl,/foo conftest.cpp  >&5
configure:14317: $? = 0
configure:14547: result: GNU/Linux ld.so
configure:14598: checking how to hardcode library paths into programs
configure:14623: result: immediate
configure:14681: checking whether make sets $(MAKE)
configure:14703: result: yes
configure:14722: checking whether we are using Intel C++
configure:14733: g++ -E conftest.c
configure:14736: $? = 0
configure:14744: result: 
configure:15052: checking for gsl-config
configure:15083: result: /usr/local//bin/gsl-config
configure:15092: checking for GSL - version >= 0.2.5
configure:15195: g++ -o conftest     conftest.cpp  -L/usr/local/lib -lgsl -lgslcblas -lm >&5
configure:15195: $? = 0
configure:15195: ./conftest
configure:15195: $? = 0
configure:15210: result: yes
configure:15281: WARNING: Assuming default paths for CCP4
configure:15302: WARNING: clipper path was not specified. Disabling clipper support
configure:15338: checking for fftw_version in -lfftw3
configure:15363: g++ -o conftest   -I/usr/local/include -I/usr/local//include -L/usr/local//lib   -L/usr/local//lib conftest.cpp -lfftw3 -lm  >&5
configure:15363: $? = 0
configure:15373: result: yes
configure:15451: WARNING: hoomd path was not specified.
configure:15468: WARNING: cukernel path was not specified. Trying default paths...
configure:15474: checking for test in -lcukernel
configure:15499: g++ -o conftest   -I/usr/local/include -I/usr/local//include -L/usr/local//lib   -L/usr/local//lib conftest.cpp -lcukernel -lm -lcuda -lfftw3  >&5
/usr/bin/ld: cannot find -lcukernel
collect2: error: ld returned 1 exit status
configure:15499: $? = 1
configure: failed program was:
| /* confdefs.h */
| #define PACKAGE_NAME ""
| #define PACKAGE_TARNAME ""
| #define PACKAGE_VERSION ""
| #define PACKAGE_STRING ""
| #define PACKAGE_BUGREPORT ""
| #define PACKAGE_URL ""
| #define MD_VERSION "1.3.1"
| #define MD_DATE "Wed Sep  7 14:25:35 CLST 2016"
| #define STDC_HEADERS 1
| #define HAVE_SYS_TYPES_H 1
| #define HAVE_SYS_STAT_H 1
| #define HAVE_STDLIB_H 1
| #define HAVE_STRING_H 1
| #define HAVE_MEMORY_H 1
| #define HAVE_STRINGS_H 1
| #define HAVE_INTTYPES_H 1
| #define HAVE_STDINT_H 1
| #define HAVE_UNISTD_H 1
| #define HAVE_DLFCN_H 1
| #define LT_OBJDIR ".libs/"
| #define COMPILER_GCC 1
| #define FFTW_PREFIX fftw_
| #define HAVE_LIBFFTW3 1
| /* end confdefs.h.  */
| 
| /* Override any GCC internal prototype to avoid an error.
|    Use char because int might match the return type of a GCC
|    builtin and then its argument prototype would still apply.  */
| #ifdef __cplusplus
| extern "C"
| #endif
| char test ();
| int
| main ()
| {
| return test ();
|   ;
|   return 0;
| }
configure:15508: result: no
configure:15518: WARNING: CUKERNEL library missing.
configure:15525: checking for ANSI C header files
configure:15629: result: yes
configure:15637: checking for an ANSI C-conforming const
configure:15702: g++ -c   -I/usr/local/include -I/usr/local//include -L/usr/local//lib  conftest.cpp >&5
configure:15702: $? = 0
configure:15709: result: yes
configure:15717: checking for inline
configure:15733: g++ -c   -I/usr/local/include -I/usr/local//include -L/usr/local//lib  conftest.cpp >&5
configure:15733: $? = 0
configure:15741: result: inline
configure:15759: checking for size_t
configure:15759: g++ -c   -I/usr/local/include -I/usr/local//include -L/usr/local//lib  conftest.cpp >&5
configure:15759: $? = 0
configure:15759: g++ -c   -I/usr/local/include -I/usr/local//include -L/usr/local//lib  conftest.cpp >&5
conftest.cpp: In function 'int main()':
conftest.cpp:63:20: error: expected primary-expression before ')' token
 if (sizeof ((size_t)))
                    ^
configure:15759: $? = 1
configure: failed program was:
| /* confdefs.h */
| #define PACKAGE_NAME ""
| #define PACKAGE_TARNAME ""
| #define PACKAGE_VERSION ""
| #define PACKAGE_STRING ""
| #define PACKAGE_BUGREPORT ""
| #define PACKAGE_URL ""
| #define MD_VERSION "1.3.1"
| #define MD_DATE "Wed Sep  7 14:25:35 CLST 2016"
| #define STDC_HEADERS 1
| #define HAVE_SYS_TYPES_H 1
| #define HAVE_SYS_STAT_H 1
| #define HAVE_STDLIB_H 1
| #define HAVE_STRING_H 1
| #define HAVE_MEMORY_H 1
| #define HAVE_STRINGS_H 1
| #define HAVE_INTTYPES_H 1
| #define HAVE_STDINT_H 1
| #define HAVE_UNISTD_H 1
| #define HAVE_DLFCN_H 1
| #define LT_OBJDIR ".libs/"
| #define COMPILER_GCC 1
| #define FFTW_PREFIX fftw_
| #define HAVE_LIBFFTW3 1
| #define STDC_HEADERS 1
| /* end confdefs.h.  */
| #include <stdio.h>
| #ifdef HAVE_SYS_TYPES_H
| # include <sys/types.h>
| #endif
| #ifdef HAVE_SYS_STAT_H
| # include <sys/stat.h>
| #endif
| #ifdef STDC_HEADERS
| # include <stdlib.h>
| # include <stddef.h>
| #else
| # ifdef HAVE_STDLIB_H
| #  include <stdlib.h>
| # endif
| #endif
| #ifdef HAVE_STRING_H
| # if !defined STDC_HEADERS && defined HAVE_MEMORY_H
| #  include <memory.h>
| # endif
| # include <string.h>
| #endif
| #ifdef HAVE_STRINGS_H
| # include <strings.h>
| #endif
| #ifdef HAVE_INTTYPES_H
| # include <inttypes.h>
| #endif
| #ifdef HAVE_STDINT_H
| # include <stdint.h>
| #endif
| #ifdef HAVE_UNISTD_H
| # include <unistd.h>
| #endif
| int
| main ()
| {
| if (sizeof ((size_t)))
| 	    return 0;
|   ;
|   return 0;
| }
configure:15759: result: yes
configure:15773: checking for hypot
configure:15773: g++ -o conftest   -I/usr/local/include -I/usr/local//include -L/usr/local//lib   -L/usr/local//lib conftest.cpp -lfftw3  >&5
configure:15773: $? = 0
configure:15773: result: yes
configure:15784: checking for expm1
configure:15784: g++ -o conftest   -I/usr/local/include -I/usr/local//include -L/usr/local//lib   -L/usr/local//lib conftest.cpp -lfftw3  >&5
configure:15784: $? = 0
configure:15784: result: yes
configure:15795: checking for acosh
configure:15795: g++ -o conftest   -I/usr/local/include -I/usr/local//include -L/usr/local//lib   -L/usr/local//lib conftest.cpp -lfftw3  >&5
configure:15795: $? = 0
configure:15795: result: yes
configure:15806: checking for asinh
configure:15806: g++ -o conftest   -I/usr/local/include -I/usr/local//include -L/usr/local//lib   -L/usr/local//lib conftest.cpp -lfftw3  >&5
configure:15806: $? = 0
configure:15806: result: yes
configure:15817: checking for atanh
configure:15817: g++ -o conftest   -I/usr/local/include -I/usr/local//include -L/usr/local//lib   -L/usr/local//lib conftest.cpp -lfftw3  >&5
configure:15817: $? = 0
configure:15817: result: yes
configure:15828: checking for system
configure:15828: g++ -o conftest   -I/usr/local/include -I/usr/local//include -L/usr/local//lib   -L/usr/local//lib conftest.cpp -lfftw3  >&5
configure:15828: $? = 0
configure:15828: result: yes
configure:15839: checking for tmpnam
configure:15839: g++ -o conftest   -I/usr/local/include -I/usr/local//include -L/usr/local//lib   -L/usr/local//lib conftest.cpp -lfftw3  >&5
/tmp/ccIRIczk.o: In function `main':
conftest.cpp:(.text+0x5): warning: the use of `tmpnam' is dangerous, better use `mkstemp'
configure:15839: $? = 0
configure:15839: result: yes
configure:15850: checking for symlink
configure:15850: g++ -o conftest   -I/usr/local/include -I/usr/local//include -L/usr/local//lib   -L/usr/local//lib conftest.cpp -lfftw3  >&5
configure:15850: $? = 0
configure:15850: result: yes
configure:15861: checking for unlink
configure:15861: g++ -o conftest   -I/usr/local/include -I/usr/local//include -L/usr/local//lib   -L/usr/local//lib conftest.cpp -lfftw3  >&5
configure:15861: $? = 0
configure:15861: result: yes
configure:15872: checking for chdir
configure:15872: g++ -o conftest   -I/usr/local/include -I/usr/local//include -L/usr/local//lib   -L/usr/local//lib conftest.cpp -lfftw3  >&5
configure:15872: $? = 0
configure:15872: result: yes
configure:15883: checking for getcwd
configure:15883: g++ -o conftest   -I/usr/local/include -I/usr/local//include -L/usr/local//lib   -L/usr/local//lib conftest.cpp -lfftw3  >&5
configure:15883: $? = 0
configure:15883: result: yes
configure:15894: checking for remove
configure:15894: g++ -o conftest   -I/usr/local/include -I/usr/local//include -L/usr/local//lib   -L/usr/local//lib conftest.cpp -lfftw3  >&5
configure:15894: $? = 0
configure:15894: result: yes
configure:15904: checking for isinf with <cmath>
configure:15917: g++ -o conftest   -I/usr/local/include -I/usr/local//include -L/usr/local//lib   -L/usr/local//lib conftest.cpp -lfftw3  >&5
configure:15917: $? = 0
configure:15919: result: yes
configure:15931: checking for finite with <cmath>
configure:15944: g++ -o conftest   -I/usr/local/include -I/usr/local//include -L/usr/local//lib   -L/usr/local//lib conftest.cpp -lfftw3  >&5
conftest.cpp: In function 'int main()':
conftest.cpp:44:16: error: 'finite' is not a member of 'std'
 float f = 0.0; std::finite(f)
                ^
conftest.cpp:44:16: note: suggested alternative:
In file included from /usr/include/features.h:374:0,
                 from /usr/include/x86_64-linux-gnu/c++/4.8/bits/os_defines.h:39,
                 from /usr/include/x86_64-linux-gnu/c++/4.8/bits/c++config.h:426,
                 from /usr/include/c++/4.8/cmath:41,
                 from conftest.cpp:40:
/usr/include/x86_64-linux-gnu/bits/mathcalls.h:204:1: note:   'finite'
 __MATHDECL_1 (int,finite,, (_Mdouble_ __value)) __attribute__ ((__const__));
 ^
configure:15944: $? = 1
configure: failed program was:
| /* confdefs.h */
| #define PACKAGE_NAME ""
| #define PACKAGE_TARNAME ""
| #define PACKAGE_VERSION ""
| #define PACKAGE_STRING ""
| #define PACKAGE_BUGREPORT ""
| #define PACKAGE_URL ""
| #define MD_VERSION "1.3.1"
| #define MD_DATE "Wed Sep  7 14:25:35 CLST 2016"
| #define STDC_HEADERS 1
| #define HAVE_SYS_TYPES_H 1
| #define HAVE_SYS_STAT_H 1
| #define HAVE_STDLIB_H 1
| #define HAVE_STRING_H 1
| #define HAVE_MEMORY_H 1
| #define HAVE_STRINGS_H 1
| #define HAVE_INTTYPES_H 1
| #define HAVE_STDINT_H 1
| #define HAVE_UNISTD_H 1
| #define HAVE_DLFCN_H 1
| #define LT_OBJDIR ".libs/"
| #define COMPILER_GCC 1
| #define FFTW_PREFIX fftw_
| #define HAVE_LIBFFTW3 1
| #define STDC_HEADERS 1
| #define HAVE_HYPOT 1
| #define HAVE_EXPM1 1
| #define HAVE_ACOSH 1
| #define HAVE_ASINH 1
| #define HAVE_ATANH 1
| #define HAVE_SYSTEM 1
| #define HAVE_TMPNAM 1
| #define HAVE_SYMLINK 1
| #define HAVE_UNLINK 1
| #define HAVE_CHDIR 1
| #define HAVE_GETCWD 1
| #define HAVE_REMOVE 1
| #define HAVE_ISINF 1
| /* end confdefs.h.  */
| #include <cmath>
| int
| main ()
| {
| float f = 0.0; std::finite(f)
|   ;
|   return 0;
| }
configure:15953: result: no
configure:15960: checking for isfinite with <cmath>
configure:15973: g++ -o conftest   -I/usr/local/include -I/usr/local//include -L/usr/local//lib   -L/usr/local//lib conftest.cpp -lfftw3  >&5
configure:15973: $? = 0
configure:15975: result: yes
configure:15988: checking for isnan with <cmath>
configure:16001: g++ -o conftest   -I/usr/local/include -I/usr/local//include -L/usr/local//lib   -L/usr/local//lib conftest.cpp -lfftw3  >&5
configure:16001: $? = 0
configure:16003: result: yes
configure:16023: checking for log1p
configure:16023: g++ -o conftest   -I/usr/local/include -I/usr/local//include -L/usr/local//lib   -L/usr/local//lib conftest.cpp -lfftw3  >&5
configure:16023: $? = 0
configure:16023: result: yes
configure:16035: checking for sqrt in -lm
configure:16060: g++ -o conftest   -I/usr/local/include -I/usr/local//include -L/usr/local//lib   -L/usr/local//lib conftest.cpp -lm  -lfftw3  >&5
configure:16060: $? = 0
configure:16069: result: yes
configure:16080: checking for listen in -lsocket
configure:16105: g++ -o conftest   -I/usr/local/include -I/usr/local//include -L/usr/local//lib   -L/usr/local//lib conftest.cpp -lsocket  -lm -lfftw3  >&5
/usr/bin/ld: cannot find -lsocket
collect2: error: ld returned 1 exit status
configure:16105: $? = 1
configure: failed program was:
| /* confdefs.h */
| #define PACKAGE_NAME ""
| #define PACKAGE_TARNAME ""
| #define PACKAGE_VERSION ""
| #define PACKAGE_STRING ""
| #define PACKAGE_BUGREPORT ""
| #define PACKAGE_URL ""
| #define MD_VERSION "1.3.1"
| #define MD_DATE "Wed Sep  7 14:25:35 CLST 2016"
| #define STDC_HEADERS 1
| #define HAVE_SYS_TYPES_H 1
| #define HAVE_SYS_STAT_H 1
| #define HAVE_STDLIB_H 1
| #define HAVE_STRING_H 1
| #define HAVE_MEMORY_H 1
| #define HAVE_STRINGS_H 1
| #define HAVE_INTTYPES_H 1
| #define HAVE_STDINT_H 1
| #define HAVE_UNISTD_H 1
| #define HAVE_DLFCN_H 1
| #define LT_OBJDIR ".libs/"
| #define COMPILER_GCC 1
| #define FFTW_PREFIX fftw_
| #define HAVE_LIBFFTW3 1
| #define STDC_HEADERS 1
| #define HAVE_HYPOT 1
| #define HAVE_EXPM1 1
| #define HAVE_ACOSH 1
| #define HAVE_ASINH 1
| #define HAVE_ATANH 1
| #define HAVE_SYSTEM 1
| #define HAVE_TMPNAM 1
| #define HAVE_SYMLINK 1
| #define HAVE_UNLINK 1
| #define HAVE_CHDIR 1
| #define HAVE_GETCWD 1
| #define HAVE_REMOVE 1
| #define HAVE_ISINF 1
| #define HAVE_ISFINITE 1
| #define HAVE_ISNAN 1
| #define HAVE_LOG1P 1
| #define HAVE_LIBM 1
| /* end confdefs.h.  */
| 
| /* Override any GCC internal prototype to avoid an error.
|    Use char because int might match the return type of a GCC
|    builtin and then its argument prototype would still apply.  */
| #ifdef __cplusplus
| extern "C"
| #endif
| char listen ();
| int
| main ()
| {
| return listen ();
|   ;
|   return 0;
| }
configure:16114: result: no
configure:16125: checking for uname in -lnsl
configure:16150: g++ -o conftest   -I/usr/local/include -I/usr/local//include -L/usr/local//lib   -L/usr/local//lib conftest.cpp -lnsl  -lm -lfftw3  >&5
configure:16150: $? = 0
configure:16159: result: yes
configure:16170: checking zlib.h usability
configure:16170: g++ -c   -I/usr/local/include -I/usr/local//include -L/usr/local//lib  conftest.cpp >&5
configure:16170: $? = 0
configure:16170: result: yes
configure:16170: checking zlib.h presence
configure:16170: g++ -E  conftest.cpp
configure:16170: $? = 0
configure:16170: result: yes
configure:16170: checking for zlib.h
configure:16170: result: yes
configure:16178: checking for zlibVersion in -lz
configure:16203: g++ -o conftest   -I/usr/local/include -I/usr/local//include -L/usr/local//lib   -L/usr/local//lib conftest.cpp -lz  -lnsl -lm -lfftw3  >&5
configure:16203: $? = 0
configure:16212: result: yes
configure:16277: checking whether the compiler supports the STL
configure:16301: g++ -c   -I/usr/local/include -I/usr/local//include -L/usr/local//lib  conftest.cpp >&5
configure:16301: $? = 0
configure:16315: result: 
configure:16557: creating ./config.status

## ---------------------- ##
## Running config.status. ##
## ---------------------- ##

This file was extended by config.status, which was
generated by GNU Autoconf 2.65.  Invocation command line was

  CONFIG_FILES    = 
  CONFIG_HEADERS  = 
  CONFIG_LINKS    = 
  CONFIG_COMMANDS = 
  $ ./config.status 

on jgarate-System-Product-Name

config.status:1178: creating src/Makefile
config.status:1178: creating src/math/Makefile
config.status:1178: creating src/topology/Makefile
config.status:1178: creating src/configuration/Makefile
config.status:1178: creating src/algorithm/Makefile
config.status:1178: creating src/simulation/Makefile
config.status:1178: creating src/interaction/Makefile
config.status:1178: creating src/io/Makefile
config.status:1178: creating src/util/Makefile
config.status:1178: creating src/check/Makefile
config.status:1178: creating program/Makefile
config.status:1178: creating contrib/Makefile
config.status:1178: creating Makefile
config.status:1178: creating config.h
config.status:1391: executing depfiles commands
config.status:1391: executing libtool commands

## ---------------- ##
## Cache variables. ##
## ---------------- ##

ac_cv_build=x86_64-unknown-linux-gnu
ac_cv_c_compiler_gnu=yes
ac_cv_c_const=yes
ac_cv_c_inline=inline
ac_cv_cxx_compiler_gnu=yes
ac_cv_cxx_version_ok=yes
ac_cv_env_CCC_set=
ac_cv_env_CCC_value=
ac_cv_env_CC_set=
ac_cv_env_CC_value=
ac_cv_env_CFLAGS_set=
ac_cv_env_CFLAGS_value=
ac_cv_env_CPPFLAGS_set=
ac_cv_env_CPPFLAGS_value=
ac_cv_env_CPP_set=
ac_cv_env_CPP_value=
ac_cv_env_CXXCPP_set=
ac_cv_env_CXXCPP_value=
ac_cv_env_CXXFLAGS_set=
ac_cv_env_CXXFLAGS_value=
ac_cv_env_CXX_set=
ac_cv_env_CXX_value=
ac_cv_env_LDFLAGS_set=
ac_cv_env_LDFLAGS_value=
ac_cv_env_LIBS_set=
ac_cv_env_LIBS_value=
ac_cv_env_build_alias_set=
ac_cv_env_build_alias_value=
ac_cv_env_host_alias_set=
ac_cv_env_host_alias_value=
ac_cv_env_target_alias_set=
ac_cv_env_target_alias_value=
ac_cv_func_acosh=yes
ac_cv_func_asinh=yes
ac_cv_func_atanh=yes
ac_cv_func_chdir=yes
ac_cv_func_expm1=yes
ac_cv_func_getcwd=yes
ac_cv_func_hypot=yes
ac_cv_func_log1p=yes
ac_cv_func_remove=yes
ac_cv_func_symlink=yes
ac_cv_func_system=yes
ac_cv_func_tmpnam=yes
ac_cv_func_unlink=yes
ac_cv_header_dlfcn_h=yes
ac_cv_header_inttypes_h=yes
ac_cv_header_memory_h=yes
ac_cv_header_stdc=yes
ac_cv_header_stdint_h=yes
ac_cv_header_stdlib_h=yes
ac_cv_header_string_h=yes
ac_cv_header_strings_h=yes
ac_cv_header_sys_stat_h=yes
ac_cv_header_sys_types_h=yes
ac_cv_header_unistd_h=yes
ac_cv_header_zlib_h=yes
ac_cv_host=x86_64-unknown-linux-gnu
ac_cv_lib_cukernel_test=no
ac_cv_lib_fftw3_fftw_version=yes
ac_cv_lib_m_sqrt=yes
ac_cv_lib_nsl_uname=yes
ac_cv_lib_socket_listen=no
ac_cv_lib_z_zlibVersion=yes
ac_cv_objext=o
ac_cv_path_EGREP='/bin/grep -E'
ac_cv_path_FGREP='/bin/grep -F'
ac_cv_path_GREP=/bin/grep
ac_cv_path_GSL_CONFIG=/usr/local//bin/gsl-config
ac_cv_path_SED=/bin/sed
ac_cv_path_install='/usr/bin/install -c'
ac_cv_path_mkdir=/bin/mkdir
ac_cv_prog_AWK=gawk
ac_cv_prog_CPP='gcc -E'
ac_cv_prog_CXXCPP='g++ -E'
ac_cv_prog_ac_ct_AR=ar
ac_cv_prog_ac_ct_CC=gcc
ac_cv_prog_ac_ct_CXX=g++
ac_cv_prog_ac_ct_OBJDUMP=objdump
ac_cv_prog_ac_ct_RANLIB=ranlib
ac_cv_prog_ac_ct_STRIP=strip
ac_cv_prog_cc_c89=
ac_cv_prog_cc_g=yes
ac_cv_prog_cxx_g=yes
ac_cv_prog_make_make_set=yes
ac_cv_target=x86_64-unknown-linux-gnu
ac_cv_type_size_t=yes
am_cv_CC_dependencies_compiler_type=gcc3
am_cv_CXX_dependencies_compiler_type=gcc3
lt_cv_deplibs_check_method=pass_all
lt_cv_file_magic_cmd='$MAGIC_CMD'
lt_cv_file_magic_test_file=
lt_cv_ld_reload_flag=-r
lt_cv_nm_interface='BSD nm'
lt_cv_objdir=.libs
lt_cv_path_LD=/usr/bin/ld
lt_cv_path_LDCXX='/usr/bin/ld -m elf_x86_64'
lt_cv_path_NM='/usr/bin/nm -B'
lt_cv_prog_compiler_c_o=yes
lt_cv_prog_compiler_c_o_CXX=yes
lt_cv_prog_compiler_pic_works=yes
lt_cv_prog_compiler_pic_works_CXX=yes
lt_cv_prog_compiler_rtti_exceptions=no
lt_cv_prog_compiler_static_works=yes
lt_cv_prog_compiler_static_works_CXX=yes
lt_cv_prog_gnu_ld=yes
lt_cv_prog_gnu_ldcxx=yes
lt_cv_sys_global_symbol_pipe='sed -n -e '\''s/^.*[	 ]\([ABCDGIRSTW][ABCDGIRSTW]*\)[	 ][	 ]*\([_A-Za-z][_A-Za-z0-9]*\)$/\1 \2 \2/p'\'''
lt_cv_sys_global_symbol_to_c_name_address='sed -n -e '\''s/^: \([^ ]*\) $/  {\"\1\", (void *) 0},/p'\'' -e '\''s/^[ABCDGIRSTW]* \([^ ]*\) \([^ ]*\)$/  {"\2", (void *) \&\2},/p'\'''
lt_cv_sys_global_symbol_to_c_name_address_lib_prefix='sed -n -e '\''s/^: \([^ ]*\) $/  {\"\1\", (void *) 0},/p'\'' -e '\''s/^[ABCDGIRSTW]* \([^ ]*\) \(lib[^ ]*\)$/  {"\2", (void *) \&\2},/p'\'' -e '\''s/^[ABCDGIRSTW]* \([^ ]*\) \([^ ]*\)$/  {"lib\2", (void *) \&\2},/p'\'''
lt_cv_sys_global_symbol_to_cdecl='sed -n -e '\''s/^T .* \(.*\)$/extern int \1();/p'\'' -e '\''s/^[ABCDGIRSTW]* .* \(.*\)$/extern char \1;/p'\'''
lt_cv_sys_max_cmd_len=1572864

## ----------------- ##
## Output variables. ##
## ----------------- ##

ACLOCAL='${SHELL} /home/jgarate/software/md++-1.3.1/config/missing --run aclocal-1.11'
AMDEPBACKSLASH='\'
AMDEP_FALSE='#'
AMDEP_TRUE=''
AMTAR='${SHELL} /home/jgarate/software/md++-1.3.1/config/missing --run tar'
AR='ar'
AUTOCONF='${SHELL} /home/jgarate/software/md++-1.3.1/config/missing --run autoconf'
AUTOHEADER='${SHELL} /home/jgarate/software/md++-1.3.1/config/missing --run autoheader'
AUTOMAKE='${SHELL} /home/jgarate/software/md++-1.3.1/config/missing --run automake-1.11'
AWK='gawk'
CC='gcc'
CCDEPMODE='depmode=gcc3'
CFLAGS=' '
CLIPPER_LIBS=''
CPP='gcc -E'
CPPFLAGS=''
CXX='g++'
CXXCPP='g++ -E'
CXXDEPMODE='depmode=gcc3'
CXXFLAGS='  -I/usr/local/include -I/usr/local//include -L/usr/local//lib'
CXX_NDEBUG_FLAGS='-DNDEBUG -g'
CYGPATH_W='echo'
DEFS='-DHAVE_CONFIG_H'
DEPDIR='.deps'
DSYMUTIL=''
DUMPBIN=''
ECHO_C=''
ECHO_N='-n'
ECHO_T=''
EGREP='/bin/grep -E'
EXEEXT=''
FGREP='/bin/grep -F'
GREP='/bin/grep'
GSL_CONFIG='/usr/local//bin/gsl-config'
GSL_CXXFLAGS='-I/usr/local/include'
GSL_LIBS='-L/usr/local/lib -lgsl -lgslcblas -lm'
INSTALL_DATA='${INSTALL} -m 644'
INSTALL_PROGRAM='${INSTALL}'
INSTALL_SCRIPT='${INSTALL}'
INSTALL_STRIP_PROGRAM='$(install_sh) -c -s'
LD='/usr/bin/ld -m elf_x86_64'
LDFLAGS=' -L/usr/local//lib'
LIBOBJS=''
LIBS='-lz -lnsl -lm -lfftw3 '
LIBTOOL='$(SHELL) $(top_builddir)/libtool'
LIPO=''
LN_S='ln -s'
LTLIBOBJS=''
MAKEINFO='${SHELL} /home/jgarate/software/md++-1.3.1/config/missing --run makeinfo'
MD_MAJOR_VERSION='1'
MD_MICRO_VERSION='1'
MD_MINOR_VERSION='3'
MD_VERSION='1.3.1'
MKDIR_P='/bin/mkdir -p'
MY_CXXFLAGS='-O3 -DNDEBUG'
NM='/usr/bin/nm -B'
NMEDIT=''
OBJDUMP='objdump'
OBJEXT='o'
OTOOL64=''
OTOOL=''
PACKAGE='md++'
PACKAGE_BUGREPORT=''
PACKAGE_NAME=''
PACKAGE_STRING=''
PACKAGE_TARNAME=''
PACKAGE_URL=''
PACKAGE_VERSION=''
PATH_SEPARATOR=':'
RANLIB='ranlib'
REPEX='yes'
SED='/bin/sed'
SET_MAKE=''
SHELL='/bin/bash'
STRIP='strip'
VERSION='1.3.1'
ac_ct_CC='gcc'
ac_ct_CXX='g++'
ac_ct_DUMPBIN=''
am__EXEEXT_FALSE=''
am__EXEEXT_TRUE='#'
am__fastdepCC_FALSE='#'
am__fastdepCC_TRUE=''
am__fastdepCXX_FALSE='#'
am__fastdepCXX_TRUE=''
am__include='include'
am__isrc=' -I$(srcdir)'
am__leading_dot='.'
am__quote=''
am__tar='${AMTAR} chof - "$$tardir"'
am__untar='${AMTAR} xf -'
bindir='${exec_prefix}/bin'
build='x86_64-unknown-linux-gnu'
build_alias=''
build_cpu='x86_64'
build_os='linux-gnu'
build_vendor='unknown'
compiler='gnucc'
datadir='${datarootdir}'
datarootdir='${prefix}/share'
docdir='${datarootdir}/doc/${PACKAGE}'
dvidir='${docdir}'
exec_prefix='${prefix}'
extra_lib=''
host='x86_64-unknown-linux-gnu'
host_alias=''
host_cpu='x86_64'
host_os='linux-gnu'
host_vendor='unknown'
htmldir='${docdir}'
includedir='${prefix}/include'
infodir='${datarootdir}/info'
install_sh='${SHELL} /home/jgarate/software/md++-1.3.1/config/install-sh'
libdir='${exec_prefix}/lib'
libexecdir='${exec_prefix}/libexec'
localedir='${datarootdir}/locale'
localstatedir='${prefix}/var'
lt_ECHO='echo'
mandir='${datarootdir}/man'
mkdir_p='/bin/mkdir -p'
oldincludedir='/usr/include'
pdfdir='${docdir}'
prefix='/usr/local'
program_transform_name='s,x,x,'
psdir='${docdir}'
sbindir='${exec_prefix}/sbin'
sharedstatedir='${prefix}/com'
sysconfdir='${prefix}/etc'
target='x86_64-unknown-linux-gnu'
target_alias=''
target_cpu='x86_64'
target_os='linux-gnu'
target_vendor='unknown'

## ----------- ##
## confdefs.h. ##
## ----------- ##

/* confdefs.h */
#define PACKAGE_NAME ""
#define PACKAGE_TARNAME ""
#define PACKAGE_VERSION ""
#define PACKAGE_STRING ""
#define PACKAGE_BUGREPORT ""
#define PACKAGE_URL ""
#define MD_VERSION "1.3.1"
#define MD_DATE "Wed Sep  7 14:25:35 CLST 2016"
#define STDC_HEADERS 1
#define HAVE_SYS_TYPES_H 1
#define HAVE_SYS_STAT_H 1
#define HAVE_STDLIB_H 1
#define HAVE_STRING_H 1
#define HAVE_MEMORY_H 1
#define HAVE_STRINGS_H 1
#define HAVE_INTTYPES_H 1
#define HAVE_STDINT_H 1
#define HAVE_UNISTD_H 1
#define HAVE_DLFCN_H 1
#define LT_OBJDIR ".libs/"
#define COMPILER_GCC 1
#define FFTW_PREFIX fftw_
#define HAVE_LIBFFTW3 1
#define STDC_HEADERS 1
#define HAVE_HYPOT 1
#define HAVE_EXPM1 1
#define HAVE_ACOSH 1
#define HAVE_ASINH 1
#define HAVE_ATANH 1
#define HAVE_SYSTEM 1
#define HAVE_TMPNAM 1
#define HAVE_SYMLINK 1
#define HAVE_UNLINK 1
#define HAVE_CHDIR 1
#define HAVE_GETCWD 1
#define HAVE_REMOVE 1
#define HAVE_ISINF 1
#define HAVE_ISFINITE 1
#define HAVE_ISNAN 1
#define HAVE_LOG1P 1
#define HAVE_LIBM 1
#define HAVE_LIBNSL 1
#define HAVE_LIBZ 1
#define REPEX "yes"
#define TOP_SOURCE_DIR ".."

configure: exit 0
